<?xml version="1.0" encoding="UTF-8"?>
<testng-results skipped="0" failed="1" ignored="0" total="2" passed="1">
  <reporter-output>
  </reporter-output>
  <suite name="HomePageSuite" duration-ms="14405" started-at="2019-08-20T16:50:08Z" finished-at="2019-08-20T16:50:22Z">
    <groups>
    </groups>
    <test name="HomePageTest" duration-ms="14405" started-at="2019-08-20T16:50:08Z" finished-at="2019-08-20T16:50:22Z">
      <class name="in.amazon.tests.HomepageTests">
        <test-method status="PASS" signature="beforeSuite()[pri:0, instance:in.amazon.tests.HomepageTests@3a03464]" name="beforeSuite" is-config="true" duration-ms="227" started-at="2019-08-20T16:50:08Z" finished-at="2019-08-20T16:50:08Z">
          <reporter-output>
          </reporter-output>
        </test-method> <!-- beforeSuite -->
        <test-method status="PASS" signature="setup()[pri:0, instance:in.amazon.tests.HomepageTests@3a03464]" name="setup" is-config="true" duration-ms="8865" started-at="2019-08-20T16:50:08Z" finished-at="2019-08-20T16:50:17Z">
          <reporter-output>
          </reporter-output>
        </test-method> <!-- setup -->
        <test-method status="FAIL" signature="verifyTitleOfThePage()[pri:0, instance:in.amazon.tests.HomepageTests@3a03464]" name="verifyTitleOfThePage" duration-ms="704" started-at="2019-08-20T16:50:17Z" finished-at="2019-08-20T16:50:17Z">
          <exception class="java.lang.AssertionError">
            <message>
              <![CDATA[expected [Amazon Home Page] but found [Amazon.com: Online Shopping for Electronics, Apparel, Computers, Books, DVDs & more]]]>
            </message>
            <full-stacktrace>
              <![CDATA[java.lang.AssertionError: expected [Amazon Home Page] but found [Amazon.com: Online Shopping for Electronics, Apparel, Computers, Books, DVDs & more]
at org.testng.Assert.fail(Assert.java:96)
at org.testng.Assert.failNotEquals(Assert.java:776)
at org.testng.Assert.assertEqualsImpl(Assert.java:137)
at org.testng.Assert.assertEquals(Assert.java:118)
at org.testng.Assert.assertEquals(Assert.java:453)
at org.testng.Assert.assertEquals(Assert.java:463)
at in.amazon.tests.HomepageTests.verifyTitleOfThePage(HomepageTests.java:28)
at sun.reflect.NativeMethodAccessorImpl.invoke0(Native Method)
at sun.reflect.NativeMethodAccessorImpl.invoke(NativeMethodAccessorImpl.java:62)
at sun.reflect.DelegatingMethodAccessorImpl.invoke(DelegatingMethodAccessorImpl.java:43)
at java.lang.reflect.Method.invoke(Method.java:498)
at org.testng.internal.MethodInvocationHelper.invokeMethod(MethodInvocationHelper.java:124)
at org.testng.internal.Invoker.invokeMethod(Invoker.java:583)
at org.testng.internal.Invoker.invokeTestMethod(Invoker.java:719)
at org.testng.internal.Invoker.invokeTestMethods(Invoker.java:989)
at org.testng.internal.TestMethodWorker.invokeTestMethods(TestMethodWorker.java:125)
at org.testng.internal.TestMethodWorker.run(TestMethodWorker.java:109)
at org.testng.TestRunner.privateRun(TestRunner.java:648)
at org.testng.TestRunner.run(TestRunner.java:505)
at org.testng.SuiteRunner.runTest(SuiteRunner.java:455)
at org.testng.SuiteRunner.runSequentially(SuiteRunner.java:450)
at org.testng.SuiteRunner.privateRun(SuiteRunner.java:415)
at org.testng.SuiteRunner.run(SuiteRunner.java:364)
at org.testng.SuiteRunnerWorker.runSuite(SuiteRunnerWorker.java:52)
at org.testng.SuiteRunnerWorker.run(SuiteRunnerWorker.java:84)
at org.testng.TestNG.runSuitesSequentially(TestNG.java:1208)
at org.testng.TestNG.runSuitesLocally(TestNG.java:1137)
at org.testng.TestNG.runSuites(TestNG.java:1049)
at org.testng.TestNG.run(TestNG.java:1017)
at org.apache.maven.surefire.testng.TestNGExecutor.run(TestNGExecutor.java:283)
at org.apache.maven.surefire.testng.TestNGXmlTestSuite.execute(TestNGXmlTestSuite.java:75)
at org.apache.maven.surefire.testng.TestNGProvider.invoke(TestNGProvider.java:120)
at org.apache.maven.surefire.booter.ForkedBooter.invokeProviderInSameClassLoader(ForkedBooter.java:384)
at org.apache.maven.surefire.booter.ForkedBooter.runSuitesInProcess(ForkedBooter.java:345)
at org.apache.maven.surefire.booter.ForkedBooter.execute(ForkedBooter.java:126)
at org.apache.maven.surefire.booter.ForkedBooter.main(ForkedBooter.java:418)
]]>
            </full-stacktrace>
          </exception> <!-- java.lang.AssertionError -->
          <reporter-output>
          </reporter-output>
        </test-method> <!-- verifyTitleOfThePage -->
        <test-method status="PASS" signature="afterATestcase(org.testng.ITestResult)[pri:0, instance:in.amazon.tests.HomepageTests@3a03464]" name="afterATestcase" is-config="true" duration-ms="647" started-at="2019-08-20T16:50:17Z" finished-at="2019-08-20T16:50:18Z">
          <params>
            <param index="0">
              <value>
                <![CDATA[[TestResult name=verifyTitleOfThePage status=FAILURE method=HomepageTests.verifyTitleOfThePage()[pri:0, instance:in.amazon.tests.HomepageTests@3a03464] output={null}]]]>
              </value>
            </param>
          </params>
          <reporter-output>
          </reporter-output>
        </test-method> <!-- afterATestcase -->
        <test-method status="PASS" signature="verifyProductsearch()[pri:1000, instance:in.amazon.tests.HomepageTests@3a03464]" name="verifyProductsearch" duration-ms="3530" started-at="2019-08-20T16:50:18Z" finished-at="2019-08-20T16:50:22Z">
          <reporter-output>
          </reporter-output>
        </test-method> <!-- verifyProductsearch -->
        <test-method status="PASS" signature="afterATestcase(org.testng.ITestResult)[pri:0, instance:in.amazon.tests.HomepageTests@3a03464]" name="afterATestcase" is-config="true" duration-ms="0" started-at="2019-08-20T16:50:22Z" finished-at="2019-08-20T16:50:22Z">
          <params>
            <param index="0">
              <value>
                <![CDATA[[TestResult name=verifyProductsearch status=SUCCESS method=HomepageTests.verifyProductsearch()[pri:1000, instance:in.amazon.tests.HomepageTests@3a03464] output={null}]]]>
              </value>
            </param>
          </params>
          <reporter-output>
          </reporter-output>
        </test-method> <!-- afterATestcase -->
        <test-method status="PASS" signature="cleanup()[pri:0, instance:in.amazon.tests.HomepageTests@3a03464]" name="cleanup" is-config="true" duration-ms="620" started-at="2019-08-20T16:50:22Z" finished-at="2019-08-20T16:50:22Z">
          <reporter-output>
          </reporter-output>
        </test-method> <!-- cleanup -->
        <test-method status="PASS" signature="postCleanup()[pri:0, instance:in.amazon.tests.HomepageTests@3a03464]" name="postCleanup" is-config="true" duration-ms="360" started-at="2019-08-20T16:50:22Z" finished-at="2019-08-20T16:50:23Z">
          <reporter-output>
          </reporter-output>
        </test-method> <!-- postCleanup -->
      </class> <!-- in.amazon.tests.HomepageTests -->
    </test> <!-- HomePageTest -->
  </suite> <!-- HomePageSuite -->
</testng-results>
